<?xml version="1.0" encoding="UTF-8"?>
<testsuites name="Test" time="12.991" tests="1" failures="1" errors="0">
   <testsuite name="Test" tests="1" failures="1" errors="0" time="12.991" skipped="0" timestamp="2022-11-06 02:33:52" hostname="AIDA - 192.168.56.1" id="Test Suites/Test">
      <properties>
         <property name="deviceName" value=""/>
         <property name="devicePlatform" value=""/>
         <property name="logFolder" value="E:\\TUGAS\\Kampus Merdeka\\Clone4\\QE_Aida-Paramita\\31_Mini Project\\praktikum\\CI-CD-Rest-Api\\Reports\\20221106_023349\\Test\\20221106_023349"/>
         <property name="logFiles" value="E:\\TUGAS\\Kampus Merdeka\\Clone4\\QE_Aida-Paramita\\31_Mini Project\\praktikum\\CI-CD-Rest-Api\\Reports\\20221106_023349\\Test\\20221106_023349\\execution0.log"/>
         <property name="attachments" value=""/>
         <property name="hostName" value="AIDA - 192.168.56.1"/>
         <property name="hostAddress" value="192.168.56.1"/>
         <property name="os" value="Windows 10 64bit"/>
         <property name="katalonVersion" value="8.3.0.208"/>
      </properties>
      <testcase name="Test Cases/TestAll" time="12.719" classname="Test Cases/TestAll" status="FAILED">
         <failure type="FAILED" message="Test Cases/TestAll FAILED.
Reason:
com.kms.katalon.core.exception.StepFailedException: Feature file 'Include/features/Auth.feature' was failed
	at com.kms.katalon.core.keyword.internal.KeywordMain.stepFailed(KeywordMain.groovy:50)
	at com.kms.katalon.core.keyword.internal.KeywordMain.stepFailed(KeywordMain.groovy)
	at com.kms.katalon.core.keyword.internal.KeywordMain.stepFailed(KeywordMain.groovy:23)
	at com.kms.katalon.core.keyword.internal.KeywordMain$stepFailed$0.call(Unknown Source)
	at com.kms.katalon.core.cucumber.keyword.CucumberBuiltinKeywords$_runFeatureFile_closure1.doCall(CucumberBuiltinKeywords.groovy:114)
	at com.kms.katalon.core.cucumber.keyword.CucumberBuiltinKeywords$_runFeatureFile_closure1.doCall(CucumberBuiltinKeywords.groovy)
	at com.kms.katalon.core.keyword.internal.KeywordMain.runKeyword(KeywordMain.groovy:74)
	at com.kms.katalon.core.keyword.internal.KeywordMain.runKeyword(KeywordMain.groovy:68)
	at com.kms.katalon.core.keyword.internal.KeywordMain$runKeyword.call(Unknown Source)
	at com.kms.katalon.core.cucumber.keyword.CucumberBuiltinKeywords.runFeatureFile(CucumberBuiltinKeywords.groovy:75)
	at com.kms.katalon.core.cucumber.keyword.CucumberBuiltinKeywords$runFeatureFile$0.callStatic(Unknown Source)
	at com.kms.katalon.core.cucumber.keyword.CucumberBuiltinKeywords.runFeatureFile(CucumberBuiltinKeywords.groovy:248)
	at com.kms.katalon.core.cucumber.keyword.CucumberBuiltinKeywords$runFeatureFile.call(Unknown Source)
	at TestAll.run(TestAll:20)
	at com.kms.katalon.core.main.ScriptEngine.run(ScriptEngine.java:194)
	at com.kms.katalon.core.main.ScriptEngine.runScriptAsRawText(ScriptEngine.java:119)
	at com.kms.katalon.core.main.TestCaseExecutor.runScript(TestCaseExecutor.java:445)
	at com.kms.katalon.core.main.TestCaseExecutor.doExecute(TestCaseExecutor.java:436)
	at com.kms.katalon.core.main.TestCaseExecutor.processExecutionPhase(TestCaseExecutor.java:415)
	at com.kms.katalon.core.main.TestCaseExecutor.accessMainPhase(TestCaseExecutor.java:407)
	at com.kms.katalon.core.main.TestCaseExecutor.execute(TestCaseExecutor.java:284)
	at com.kms.katalon.core.common.CommonExecutor.accessTestCaseMainPhase(CommonExecutor.java:65)
	at com.kms.katalon.core.main.TestSuiteExecutor.accessTestSuiteMainPhase(TestSuiteExecutor.java:144)
	at com.kms.katalon.core.main.TestSuiteExecutor.execute(TestSuiteExecutor.java:106)
	at com.kms.katalon.core.main.TestCaseMain.startTestSuite(TestCaseMain.java:185)
	at com.kms.katalon.core.main.TestCaseMain$startTestSuite$0.call(Unknown Source)
	at TempTestSuite1667676829236.run(TempTestSuite1667676829236.groovy:36)
"/>
         <system-out><![CDATA[2022-11-06 02:33:52 - [TEST_CASE][FAILED] - Test Cases/TestAll: Test Cases/TestAll FAILED.
Reason:
com.kms.katalon.core.exception.StepFailedException: Feature file 'Include/features/Auth.feature' was failed
	at com.kms.katalon.core.keyword.internal.KeywordMain.stepFailed(KeywordMain.groovy:50)
	at com.kms.katalon.core.keyword.internal.KeywordMain.stepFailed(KeywordMain.groovy)
	at com.kms.katalon.core.keyword.internal.KeywordMain.stepFailed(KeywordMain.groovy:23)
	at com.kms.katalon.core.keyword.internal.KeywordMain$stepFailed$0.call(Unknown Source)
	at com.kms.katalon.core.cucumber.keyword.CucumberBuiltinKeywords$_runFeatureFile_closure1.doCall(CucumberBuiltinKeywords.groovy:114)
	at com.kms.katalon.core.cucumber.keyword.CucumberBuiltinKeywords$_runFeatureFile_closure1.doCall(CucumberBuiltinKeywords.groovy)
	at com.kms.katalon.core.keyword.internal.KeywordMain.runKeyword(KeywordMain.groovy:74)
	at com.kms.katalon.core.keyword.internal.KeywordMain.runKeyword(KeywordMain.groovy:68)
	at com.kms.katalon.core.keyword.internal.KeywordMain$runKeyword.call(Unknown Source)
	at com.kms.katalon.core.cucumber.keyword.CucumberBuiltinKeywords.runFeatureFile(CucumberBuiltinKeywords.groovy:75)
	at com.kms.katalon.core.cucumber.keyword.CucumberBuiltinKeywords$runFeatureFile$0.callStatic(Unknown Source)
	at com.kms.katalon.core.cucumber.keyword.CucumberBuiltinKeywords.runFeatureFile(CucumberBuiltinKeywords.groovy:248)
	at com.kms.katalon.core.cucumber.keyword.CucumberBuiltinKeywords$runFeatureFile.call(Unknown Source)
	at TestAll.run(TestAll:20)
	at com.kms.katalon.core.main.ScriptEngine.run(ScriptEngine.java:194)
	at com.kms.katalon.core.main.ScriptEngine.runScriptAsRawText(ScriptEngine.java:119)
	at com.kms.katalon.core.main.TestCaseExecutor.runScript(TestCaseExecutor.java:445)
	at com.kms.katalon.core.main.TestCaseExecutor.doExecute(TestCaseExecutor.java:436)
	at com.kms.katalon.core.main.TestCaseExecutor.processExecutionPhase(TestCaseExecutor.java:415)
	at com.kms.katalon.core.main.TestCaseExecutor.accessMainPhase(TestCaseExecutor.java:407)
	at com.kms.katalon.core.main.TestCaseExecutor.execute(TestCaseExecutor.java:284)
	at com.kms.katalon.core.common.CommonExecutor.accessTestCaseMainPhase(CommonExecutor.java:65)
	at com.kms.katalon.core.main.TestSuiteExecutor.accessTestSuiteMainPhase(TestSuiteExecutor.java:144)
	at com.kms.katalon.core.main.TestSuiteExecutor.execute(TestSuiteExecutor.java:106)
	at com.kms.katalon.core.main.TestCaseMain.startTestSuite(TestCaseMain.java:185)
	at com.kms.katalon.core.main.TestCaseMain$startTestSuite$0.call(Unknown Source)
	at TempTestSuite1667676829236.run(TempTestSuite1667676829236.groovy:36)


2022-11-06 02:33:52 - [TEST_STEP][FAILED] - runFeatureFile("Include/features/Auth.feature"): Keyword runFeatureFile was failed (Root cause: com.kms.katalon.core.exception.StepFailedException: Feature file 'Include/features/Auth.feature' was failed
	at com.kms.katalon.core.keyword.internal.KeywordMain.stepFailed(KeywordMain.groovy:50)
	at com.kms.katalon.core.keyword.internal.KeywordMain.stepFailed(KeywordMain.groovy)
	at com.kms.katalon.core.keyword.internal.KeywordMain.stepFailed(KeywordMain.groovy:23)
	at com.kms.katalon.core.keyword.internal.KeywordMain$stepFailed$0.call(Unknown Source)
	at com.kms.katalon.core.cucumber.keyword.CucumberBuiltinKeywords$_runFeatureFile_closure1.doCall(CucumberBuiltinKeywords.groovy:114)
	at com.kms.katalon.core.cucumber.keyword.CucumberBuiltinKeywords$_runFeatureFile_closure1.doCall(CucumberBuiltinKeywords.groovy)
	at com.kms.katalon.core.keyword.internal.KeywordMain.runKeyword(KeywordMain.groovy:74)
	at com.kms.katalon.core.keyword.internal.KeywordMain.runKeyword(KeywordMain.groovy:68)
	at com.kms.katalon.core.keyword.internal.KeywordMain$runKeyword.call(Unknown Source)
	at com.kms.katalon.core.cucumber.keyword.CucumberBuiltinKeywords.runFeatureFile(CucumberBuiltinKeywords.groovy:75)
	at com.kms.katalon.core.cucumber.keyword.CucumberBuiltinKeywords$runFeatureFile$0.callStatic(Unknown Source)
	at com.kms.katalon.core.cucumber.keyword.CucumberBuiltinKeywords.runFeatureFile(CucumberBuiltinKeywords.groovy:248)
	at com.kms.katalon.core.cucumber.keyword.CucumberBuiltinKeywords$runFeatureFile.call(Unknown Source)
	at TestAll.run(TestAll:20)
	at com.kms.katalon.core.main.ScriptEngine.run(ScriptEngine.java:194)
	at com.kms.katalon.core.main.ScriptEngine.runScriptAsRawText(ScriptEngine.java:119)
	at com.kms.katalon.core.main.TestCaseExecutor.runScript(TestCaseExecutor.java:445)
	at com.kms.katalon.core.main.TestCaseExecutor.doExecute(TestCaseExecutor.java:436)
	at com.kms.katalon.core.main.TestCaseExecutor.processExecutionPhase(TestCaseExecutor.java:415)
	at com.kms.katalon.core.main.TestCaseExecutor.accessMainPhase(TestCaseExecutor.java:407)
	at com.kms.katalon.core.main.TestCaseExecutor.execute(TestCaseExecutor.java:284)
	at com.kms.katalon.core.common.CommonExecutor.accessTestCaseMainPhase(CommonExecutor.java:65)
	at com.kms.katalon.core.main.TestSuiteExecutor.accessTestSuiteMainPhase(TestSuiteExecutor.java:144)
	at com.kms.katalon.core.main.TestSuiteExecutor.execute(TestSuiteExecutor.java:106)
	at com.kms.katalon.core.main.TestCaseMain.startTestSuite(TestCaseMain.java:185)
	at com.kms.katalon.core.main.TestCaseMain$startTestSuite$0.call(Unknown Source)
	at TempTestSuite1667676829236.run(TempTestSuite1667676829236.groovy:36)
)

2022-11-06 02:33:52 - [MESSAGE][INFO] - Starting run keyword runFeatureFile: 'Include/features/Auth.feature' and extract report to folder: 'E:\TUGAS\Kampus Merdeka\Clone4\QE_Aida-Paramita\31_Mini Project\praktikum\CI-CD-Rest-Api\Reports\20221106_023349\Test\20221106_023349/cucumber_report/1667676832710'...

2022-11-06 02:33:53 - [TEST_CASE][ERROR] - Start Test Case : SCENARIO user register with correct data: SCENARIO user register with correct data FAILED.
Reason:
groovy.lang.MissingPropertyException: No such property: response for class: AuthSteps2
	at AuthSteps2.sendEndpoint(AuthSteps2.groovy:77)
	at ✽.I send endpoint(E:/TUGAS/Kampus Merdeka/Clone4/QE_Aida-Paramita/31_Mini Project/praktikum/CI-CD-Rest-Api/Include/features/Auth.feature:7)


2022-11-06 02:33:53 - [TEST_STEP][PASSED] - I set endpoint register: I set endpoint register

2022-11-06 02:33:53 - [MESSAGE][PASSED] - I set endpoint register

2022-11-06 02:33:53 - [TEST_STEP][PASSED] - I input HTTP Body: I input HTTP Body

2022-11-06 02:33:53 - [MESSAGE][PASSED] - I input HTTP Body

2022-11-06 02:33:53 - [TEST_STEP][ERROR] - I send endpoint: I send endpoint FAILED.
Reason:
groovy.lang.MissingPropertyException: No such property: response for class: AuthSteps2
	at AuthSteps2.sendEndpoint(AuthSteps2.groovy:77)
	at ✽.I send endpoint(E:/TUGAS/Kampus Merdeka/Clone4/QE_Aida-Paramita/31_Mini Project/praktikum/CI-CD-Rest-Api/Include/features/Auth.feature:7)


2022-11-06 02:33:58 - [MESSAGE][INFO] - HAR: E:\TUGAS\Kampus Merdeka\Clone4\QE_Aida-Paramita\31_Mini Project\praktikum\CI-CD-Rest-Api\Reports\20221106_023349\Test\20221106_023349\requests\main\0.har

2022-11-06 02:33:58 - [MESSAGE][PASSED] - Send request successfully

2022-11-06 02:33:58 - [MESSAGE][ERROR] - I send endpoint FAILED.
Reason:
groovy.lang.MissingPropertyException: No such property: response for class: AuthSteps2
	at AuthSteps2.sendEndpoint(AuthSteps2.groovy:77)
	at ✽.I send endpoint(E:/TUGAS/Kampus Merdeka/Clone4/QE_Aida-Paramita/31_Mini Project/praktikum/CI-CD-Rest-Api/Include/features/Auth.feature:7)


2022-11-06 02:33:58 - [TEST_STEP][NOT_RUN] - I receive status code 200: I receive status code 200

2022-11-06 02:33:58 - [MESSAGE][NOT_RUN] - I receive status code 200

2022-11-06 02:33:58 - [TEST_CASE][ERROR] - Start Test Case : SCENARIO user register without fill password: SCENARIO user register without fill password FAILED.
Reason:
groovy.lang.MissingPropertyException: No such property: response for class: AuthSteps2
	at AuthSteps2.sendEndpoint(AuthSteps2.groovy:77)
	at ✽.I send endpoint(E:/TUGAS/Kampus Merdeka/Clone4/QE_Aida-Paramita/31_Mini Project/praktikum/CI-CD-Rest-Api/Include/features/Auth.feature:13)


2022-11-06 02:33:58 - [TEST_STEP][PASSED] - I set endpoint register: I set endpoint register

2022-11-06 02:33:58 - [MESSAGE][PASSED] - I set endpoint register

2022-11-06 02:33:58 - [TEST_STEP][PASSED] - I input HTTP Body: I input HTTP Body

2022-11-06 02:33:58 - [MESSAGE][PASSED] - I input HTTP Body

2022-11-06 02:33:58 - [TEST_STEP][ERROR] - I send endpoint: I send endpoint FAILED.
Reason:
groovy.lang.MissingPropertyException: No such property: response for class: AuthSteps2
	at AuthSteps2.sendEndpoint(AuthSteps2.groovy:77)
	at ✽.I send endpoint(E:/TUGAS/Kampus Merdeka/Clone4/QE_Aida-Paramita/31_Mini Project/praktikum/CI-CD-Rest-Api/Include/features/Auth.feature:13)


2022-11-06 02:33:59 - [MESSAGE][INFO] - HAR: E:\TUGAS\Kampus Merdeka\Clone4\QE_Aida-Paramita\31_Mini Project\praktikum\CI-CD-Rest-Api\Reports\20221106_023349\Test\20221106_023349\requests\main\1.har

2022-11-06 02:33:59 - [MESSAGE][PASSED] - Send request successfully

2022-11-06 02:33:59 - [MESSAGE][ERROR] - I send endpoint FAILED.
Reason:
groovy.lang.MissingPropertyException: No such property: response for class: AuthSteps2
	at AuthSteps2.sendEndpoint(AuthSteps2.groovy:77)
	at ✽.I send endpoint(E:/TUGAS/Kampus Merdeka/Clone4/QE_Aida-Paramita/31_Mini Project/praktikum/CI-CD-Rest-Api/Include/features/Auth.feature:13)


2022-11-06 02:33:59 - [TEST_STEP][NOT_RUN] - I receive status code 400: I receive status code 400

2022-11-06 02:33:59 - [MESSAGE][NOT_RUN] - I receive status code 400

2022-11-06 02:33:59 - [TEST_CASE][ERROR] - Start Test Case : SCENARIO user login with correct data: SCENARIO user login with correct data FAILED.
Reason:
groovy.lang.MissingPropertyException: No such property: response for class: AuthSteps2
	at AuthSteps2.sendEndpoint(AuthSteps2.groovy:77)
	at ✽.I send endpoint(E:/TUGAS/Kampus Merdeka/Clone4/QE_Aida-Paramita/31_Mini Project/praktikum/CI-CD-Rest-Api/Include/features/Auth.feature:18)


2022-11-06 02:33:59 - [TEST_STEP][PASSED] - I set endpoint login: I set endpoint login

2022-11-06 02:33:59 - [MESSAGE][PASSED] - I set endpoint login

2022-11-06 02:33:59 - [TEST_STEP][ERROR] - I send endpoint: I send endpoint FAILED.
Reason:
groovy.lang.MissingPropertyException: No such property: response for class: AuthSteps2
	at AuthSteps2.sendEndpoint(AuthSteps2.groovy:77)
	at ✽.I send endpoint(E:/TUGAS/Kampus Merdeka/Clone4/QE_Aida-Paramita/31_Mini Project/praktikum/CI-CD-Rest-Api/Include/features/Auth.feature:18)


2022-11-06 02:34:00 - [MESSAGE][INFO] - HAR: E:\TUGAS\Kampus Merdeka\Clone4\QE_Aida-Paramita\31_Mini Project\praktikum\CI-CD-Rest-Api\Reports\20221106_023349\Test\20221106_023349\requests\main\2.har

2022-11-06 02:34:00 - [MESSAGE][PASSED] - Send request successfully

2022-11-06 02:34:00 - [MESSAGE][ERROR] - I send endpoint FAILED.
Reason:
groovy.lang.MissingPropertyException: No such property: response for class: AuthSteps2
	at AuthSteps2.sendEndpoint(AuthSteps2.groovy:77)
	at ✽.I send endpoint(E:/TUGAS/Kampus Merdeka/Clone4/QE_Aida-Paramita/31_Mini Project/praktikum/CI-CD-Rest-Api/Include/features/Auth.feature:18)


2022-11-06 02:34:00 - [TEST_STEP][NOT_RUN] - I receive status code 200: I receive status code 200

2022-11-06 02:34:00 - [MESSAGE][NOT_RUN] - I receive status code 200

2022-11-06 02:34:00 - [TEST_CASE][ERROR] - Start Test Case : SCENARIO user login without fill password: SCENARIO user login without fill password FAILED.
Reason:
groovy.lang.MissingPropertyException: No such property: response for class: AuthSteps2
	at AuthSteps2.sendEndpoint(AuthSteps2.groovy:77)
	at ✽.I send endpoint(E:/TUGAS/Kampus Merdeka/Clone4/QE_Aida-Paramita/31_Mini Project/praktikum/CI-CD-Rest-Api/Include/features/Auth.feature:23)


2022-11-06 02:34:00 - [TEST_STEP][PASSED] - I set endpoint login: I set endpoint login

2022-11-06 02:34:00 - [MESSAGE][PASSED] - I set endpoint login

2022-11-06 02:34:00 - [TEST_STEP][ERROR] - I send endpoint: I send endpoint FAILED.
Reason:
groovy.lang.MissingPropertyException: No such property: response for class: AuthSteps2
	at AuthSteps2.sendEndpoint(AuthSteps2.groovy:77)
	at ✽.I send endpoint(E:/TUGAS/Kampus Merdeka/Clone4/QE_Aida-Paramita/31_Mini Project/praktikum/CI-CD-Rest-Api/Include/features/Auth.feature:23)


2022-11-06 02:34:01 - [MESSAGE][INFO] - HAR: E:\TUGAS\Kampus Merdeka\Clone4\QE_Aida-Paramita\31_Mini Project\praktikum\CI-CD-Rest-Api\Reports\20221106_023349\Test\20221106_023349\requests\main\3.har

2022-11-06 02:34:01 - [MESSAGE][PASSED] - Send request successfully

2022-11-06 02:34:01 - [MESSAGE][ERROR] - I send endpoint FAILED.
Reason:
groovy.lang.MissingPropertyException: No such property: response for class: AuthSteps2
	at AuthSteps2.sendEndpoint(AuthSteps2.groovy:77)
	at ✽.I send endpoint(E:/TUGAS/Kampus Merdeka/Clone4/QE_Aida-Paramita/31_Mini Project/praktikum/CI-CD-Rest-Api/Include/features/Auth.feature:23)


2022-11-06 02:34:01 - [TEST_STEP][NOT_RUN] - I receive status code 400: I receive status code 400

2022-11-06 02:34:01 - [MESSAGE][NOT_RUN] - I receive status code 400

2022-11-06 02:34:01 - [TEST_CASE][ERROR] - Start Test Case : SCENARIO user want to get user information: SCENARIO user want to get user information FAILED.
Reason:
groovy.lang.MissingPropertyException: No such property: response for class: AuthSteps2
	at AuthSteps2.sendEndpoint(AuthSteps2.groovy:77)
	at ✽.I send endpoint(E:/TUGAS/Kampus Merdeka/Clone4/QE_Aida-Paramita/31_Mini Project/praktikum/CI-CD-Rest-Api/Include/features/Auth.feature:28)


2022-11-06 02:34:01 - [TEST_STEP][PASSED] - I set endpoint get user information: I set endpoint get user information

2022-11-06 02:34:01 - [MESSAGE][PASSED] - I set endpoint get user information

2022-11-06 02:34:01 - [TEST_STEP][ERROR] - I send endpoint: I send endpoint FAILED.
Reason:
groovy.lang.MissingPropertyException: No such property: response for class: AuthSteps2
	at AuthSteps2.sendEndpoint(AuthSteps2.groovy:77)
	at ✽.I send endpoint(E:/TUGAS/Kampus Merdeka/Clone4/QE_Aida-Paramita/31_Mini Project/praktikum/CI-CD-Rest-Api/Include/features/Auth.feature:28)


2022-11-06 02:34:03 - [MESSAGE][INFO] - HAR: E:\TUGAS\Kampus Merdeka\Clone4\QE_Aida-Paramita\31_Mini Project\praktikum\CI-CD-Rest-Api\Reports\20221106_023349\Test\20221106_023349\requests\main\4.har

2022-11-06 02:34:03 - [MESSAGE][PASSED] - Send request successfully

2022-11-06 02:34:03 - [MESSAGE][ERROR] - I send endpoint FAILED.
Reason:
groovy.lang.MissingPropertyException: No such property: response for class: AuthSteps2
	at AuthSteps2.sendEndpoint(AuthSteps2.groovy:77)
	at ✽.I send endpoint(E:/TUGAS/Kampus Merdeka/Clone4/QE_Aida-Paramita/31_Mini Project/praktikum/CI-CD-Rest-Api/Include/features/Auth.feature:28)


2022-11-06 02:34:03 - [TEST_STEP][NOT_RUN] - I receive status code 200: I receive status code 200

2022-11-06 02:34:03 - [MESSAGE][NOT_RUN] - I receive status code 200

2022-11-06 02:34:03 - [TEST_CASE][ERROR] - Start Test Case : SCENARIO user want to get user information with method post: SCENARIO user want to get user information with method post FAILED.
Reason:
groovy.lang.MissingPropertyException: No such property: response for class: AuthSteps2
	at AuthSteps2.sendEndpoint(AuthSteps2.groovy:77)
	at ✽.I send endpoint(E:/TUGAS/Kampus Merdeka/Clone4/QE_Aida-Paramita/31_Mini Project/praktikum/CI-CD-Rest-Api/Include/features/Auth.feature:34)


2022-11-06 02:34:03 - [TEST_STEP][PASSED] - I set endpoint post user information: I set endpoint post user information

2022-11-06 02:34:03 - [MESSAGE][PASSED] - I set endpoint post user information

2022-11-06 02:34:03 - [TEST_STEP][ERROR] - I send endpoint: I send endpoint FAILED.
Reason:
groovy.lang.MissingPropertyException: No such property: response for class: AuthSteps2
	at AuthSteps2.sendEndpoint(AuthSteps2.groovy:77)
	at ✽.I send endpoint(E:/TUGAS/Kampus Merdeka/Clone4/QE_Aida-Paramita/31_Mini Project/praktikum/CI-CD-Rest-Api/Include/features/Auth.feature:34)


2022-11-06 02:34:04 - [MESSAGE][INFO] - HAR: E:\TUGAS\Kampus Merdeka\Clone4\QE_Aida-Paramita\31_Mini Project\praktikum\CI-CD-Rest-Api\Reports\20221106_023349\Test\20221106_023349\requests\main\5.har

2022-11-06 02:34:04 - [MESSAGE][PASSED] - Send request successfully

2022-11-06 02:34:04 - [MESSAGE][ERROR] - I send endpoint FAILED.
Reason:
groovy.lang.MissingPropertyException: No such property: response for class: AuthSteps2
	at AuthSteps2.sendEndpoint(AuthSteps2.groovy:77)
	at ✽.I send endpoint(E:/TUGAS/Kampus Merdeka/Clone4/QE_Aida-Paramita/31_Mini Project/praktikum/CI-CD-Rest-Api/Include/features/Auth.feature:34)


2022-11-06 02:34:04 - [TEST_STEP][NOT_RUN] - I receive status code 400: I receive status code 400

2022-11-06 02:34:04 - [MESSAGE][NOT_RUN] - I receive status code 400

2022-11-06 02:34:05 - [MESSAGE][FAILED] - Feature file 'Include/features/Auth.feature' was failed

2022-11-06 02:34:05 - [MESSAGE][FAILED] - Keyword runFeatureFile was failed (Root cause: com.kms.katalon.core.exception.StepFailedException: Feature file 'Include/features/Auth.feature' was failed
	at com.kms.katalon.core.keyword.internal.KeywordMain.stepFailed(KeywordMain.groovy:50)
	at com.kms.katalon.core.keyword.internal.KeywordMain.stepFailed(KeywordMain.groovy)
	at com.kms.katalon.core.keyword.internal.KeywordMain.stepFailed(KeywordMain.groovy:23)
	at com.kms.katalon.core.keyword.internal.KeywordMain$stepFailed$0.call(Unknown Source)
	at com.kms.katalon.core.cucumber.keyword.CucumberBuiltinKeywords$_runFeatureFile_closure1.doCall(CucumberBuiltinKeywords.groovy:114)
	at com.kms.katalon.core.cucumber.keyword.CucumberBuiltinKeywords$_runFeatureFile_closure1.doCall(CucumberBuiltinKeywords.groovy)
	at com.kms.katalon.core.keyword.internal.KeywordMain.runKeyword(KeywordMain.groovy:74)
	at com.kms.katalon.core.keyword.internal.KeywordMain.runKeyword(KeywordMain.groovy:68)
	at com.kms.katalon.core.keyword.internal.KeywordMain$runKeyword.call(Unknown Source)
	at com.kms.katalon.core.cucumber.keyword.CucumberBuiltinKeywords.runFeatureFile(CucumberBuiltinKeywords.groovy:75)
	at com.kms.katalon.core.cucumber.keyword.CucumberBuiltinKeywords$runFeatureFile$0.callStatic(Unknown Source)
	at com.kms.katalon.core.cucumber.keyword.CucumberBuiltinKeywords.runFeatureFile(CucumberBuiltinKeywords.groovy:248)
	at com.kms.katalon.core.cucumber.keyword.CucumberBuiltinKeywords$runFeatureFile.call(Unknown Source)
	at TestAll.run(TestAll:20)
	at com.kms.katalon.core.main.ScriptEngine.run(ScriptEngine.java:194)
	at com.kms.katalon.core.main.ScriptEngine.runScriptAsRawText(ScriptEngine.java:119)
	at com.kms.katalon.core.main.TestCaseExecutor.runScript(TestCaseExecutor.java:445)
	at com.kms.katalon.core.main.TestCaseExecutor.doExecute(TestCaseExecutor.java:436)
	at com.kms.katalon.core.main.TestCaseExecutor.processExecutionPhase(TestCaseExecutor.java:415)
	at com.kms.katalon.core.main.TestCaseExecutor.accessMainPhase(TestCaseExecutor.java:407)
	at com.kms.katalon.core.main.TestCaseExecutor.execute(TestCaseExecutor.java:284)
	at com.kms.katalon.core.common.CommonExecutor.accessTestCaseMainPhase(CommonExecutor.java:65)
	at com.kms.katalon.core.main.TestSuiteExecutor.accessTestSuiteMainPhase(TestSuiteExecutor.java:144)
	at com.kms.katalon.core.main.TestSuiteExecutor.execute(TestSuiteExecutor.java:106)
	at com.kms.katalon.core.main.TestCaseMain.startTestSuite(TestCaseMain.java:185)
	at com.kms.katalon.core.main.TestCaseMain$startTestSuite$0.call(Unknown Source)
	at TempTestSuite1667676829236.run(TempTestSuite1667676829236.groovy:36)
)]]></system-out>
         <system-err><![CDATA[2022-11-06 02:33:52 - [TEST_CASE][FAILED] - Test Cases/TestAll: Test Cases/TestAll FAILED.
Reason:
com.kms.katalon.core.exception.StepFailedException: Feature file 'Include/features/Auth.feature' was failed
	at com.kms.katalon.core.keyword.internal.KeywordMain.stepFailed(KeywordMain.groovy:50)
	at com.kms.katalon.core.keyword.internal.KeywordMain.stepFailed(KeywordMain.groovy)
	at com.kms.katalon.core.keyword.internal.KeywordMain.stepFailed(KeywordMain.groovy:23)
	at com.kms.katalon.core.keyword.internal.KeywordMain$stepFailed$0.call(Unknown Source)
	at com.kms.katalon.core.cucumber.keyword.CucumberBuiltinKeywords$_runFeatureFile_closure1.doCall(CucumberBuiltinKeywords.groovy:114)
	at com.kms.katalon.core.cucumber.keyword.CucumberBuiltinKeywords$_runFeatureFile_closure1.doCall(CucumberBuiltinKeywords.groovy)
	at com.kms.katalon.core.keyword.internal.KeywordMain.runKeyword(KeywordMain.groovy:74)
	at com.kms.katalon.core.keyword.internal.KeywordMain.runKeyword(KeywordMain.groovy:68)
	at com.kms.katalon.core.keyword.internal.KeywordMain$runKeyword.call(Unknown Source)
	at com.kms.katalon.core.cucumber.keyword.CucumberBuiltinKeywords.runFeatureFile(CucumberBuiltinKeywords.groovy:75)
	at com.kms.katalon.core.cucumber.keyword.CucumberBuiltinKeywords$runFeatureFile$0.callStatic(Unknown Source)
	at com.kms.katalon.core.cucumber.keyword.CucumberBuiltinKeywords.runFeatureFile(CucumberBuiltinKeywords.groovy:248)
	at com.kms.katalon.core.cucumber.keyword.CucumberBuiltinKeywords$runFeatureFile.call(Unknown Source)
	at TestAll.run(TestAll:20)
	at com.kms.katalon.core.main.ScriptEngine.run(ScriptEngine.java:194)
	at com.kms.katalon.core.main.ScriptEngine.runScriptAsRawText(ScriptEngine.java:119)
	at com.kms.katalon.core.main.TestCaseExecutor.runScript(TestCaseExecutor.java:445)
	at com.kms.katalon.core.main.TestCaseExecutor.doExecute(TestCaseExecutor.java:436)
	at com.kms.katalon.core.main.TestCaseExecutor.processExecutionPhase(TestCaseExecutor.java:415)
	at com.kms.katalon.core.main.TestCaseExecutor.accessMainPhase(TestCaseExecutor.java:407)
	at com.kms.katalon.core.main.TestCaseExecutor.execute(TestCaseExecutor.java:284)
	at com.kms.katalon.core.common.CommonExecutor.accessTestCaseMainPhase(CommonExecutor.java:65)
	at com.kms.katalon.core.main.TestSuiteExecutor.accessTestSuiteMainPhase(TestSuiteExecutor.java:144)
	at com.kms.katalon.core.main.TestSuiteExecutor.execute(TestSuiteExecutor.java:106)
	at com.kms.katalon.core.main.TestCaseMain.startTestSuite(TestCaseMain.java:185)
	at com.kms.katalon.core.main.TestCaseMain$startTestSuite$0.call(Unknown Source)
	at TempTestSuite1667676829236.run(TempTestSuite1667676829236.groovy:36)]]></system-err>
      </testcase>
      <system-out><![CDATA[2022-11-06 02:33:52 - [TEST_SUITE][FAILED] - Test: Test Cases/TestAll FAILED.
Reason:
com.kms.katalon.core.exception.StepFailedException: Feature file 'Include/features/Auth.feature' was failed
	at com.kms.katalon.core.keyword.internal.KeywordMain.stepFailed(KeywordMain.groovy:50)
	at com.kms.katalon.core.keyword.internal.KeywordMain.stepFailed(KeywordMain.groovy)
	at com.kms.katalon.core.keyword.internal.KeywordMain.stepFailed(KeywordMain.groovy:23)
	at com.kms.katalon.core.keyword.internal.KeywordMain$stepFailed$0.call(Unknown Source)
	at com.kms.katalon.core.cucumber.keyword.CucumberBuiltinKeywords$_runFeatureFile_closure1.doCall(CucumberBuiltinKeywords.groovy:114)
	at com.kms.katalon.core.cucumber.keyword.CucumberBuiltinKeywords$_runFeatureFile_closure1.doCall(CucumberBuiltinKeywords.groovy)
	at com.kms.katalon.core.keyword.internal.KeywordMain.runKeyword(KeywordMain.groovy:74)
	at com.kms.katalon.core.keyword.internal.KeywordMain.runKeyword(KeywordMain.groovy:68)
	at com.kms.katalon.core.keyword.internal.KeywordMain$runKeyword.call(Unknown Source)
	at com.kms.katalon.core.cucumber.keyword.CucumberBuiltinKeywords.runFeatureFile(CucumberBuiltinKeywords.groovy:75)
	at com.kms.katalon.core.cucumber.keyword.CucumberBuiltinKeywords$runFeatureFile$0.callStatic(Unknown Source)
	at com.kms.katalon.core.cucumber.keyword.CucumberBuiltinKeywords.runFeatureFile(CucumberBuiltinKeywords.groovy:248)
	at com.kms.katalon.core.cucumber.keyword.CucumberBuiltinKeywords$runFeatureFile.call(Unknown Source)
	at TestAll.run(TestAll:20)
	at com.kms.katalon.core.main.ScriptEngine.run(ScriptEngine.java:194)
	at com.kms.katalon.core.main.ScriptEngine.runScriptAsRawText(ScriptEngine.java:119)
	at com.kms.katalon.core.main.TestCaseExecutor.runScript(TestCaseExecutor.java:445)
	at com.kms.katalon.core.main.TestCaseExecutor.doExecute(TestCaseExecutor.java:436)
	at com.kms.katalon.core.main.TestCaseExecutor.processExecutionPhase(TestCaseExecutor.java:415)
	at com.kms.katalon.core.main.TestCaseExecutor.accessMainPhase(TestCaseExecutor.java:407)
	at com.kms.katalon.core.main.TestCaseExecutor.execute(TestCaseExecutor.java:284)
	at com.kms.katalon.core.common.CommonExecutor.accessTestCaseMainPhase(CommonExecutor.java:65)
	at com.kms.katalon.core.main.TestSuiteExecutor.accessTestSuiteMainPhase(TestSuiteExecutor.java:144)
	at com.kms.katalon.core.main.TestSuiteExecutor.execute(TestSuiteExecutor.java:106)
	at com.kms.katalon.core.main.TestCaseMain.startTestSuite(TestCaseMain.java:185)
	at com.kms.katalon.core.main.TestCaseMain$startTestSuite$0.call(Unknown Source)
	at TempTestSuite1667676829236.run(TempTestSuite1667676829236.groovy:36)]]></system-out>
      <system-err><![CDATA[2022-11-06 02:33:52 - [TEST_SUITE][FAILED] - Test: Test Cases/TestAll FAILED.
Reason:
com.kms.katalon.core.exception.StepFailedException: Feature file 'Include/features/Auth.feature' was failed
	at com.kms.katalon.core.keyword.internal.KeywordMain.stepFailed(KeywordMain.groovy:50)
	at com.kms.katalon.core.keyword.internal.KeywordMain.stepFailed(KeywordMain.groovy)
	at com.kms.katalon.core.keyword.internal.KeywordMain.stepFailed(KeywordMain.groovy:23)
	at com.kms.katalon.core.keyword.internal.KeywordMain$stepFailed$0.call(Unknown Source)
	at com.kms.katalon.core.cucumber.keyword.CucumberBuiltinKeywords$_runFeatureFile_closure1.doCall(CucumberBuiltinKeywords.groovy:114)
	at com.kms.katalon.core.cucumber.keyword.CucumberBuiltinKeywords$_runFeatureFile_closure1.doCall(CucumberBuiltinKeywords.groovy)
	at com.kms.katalon.core.keyword.internal.KeywordMain.runKeyword(KeywordMain.groovy:74)
	at com.kms.katalon.core.keyword.internal.KeywordMain.runKeyword(KeywordMain.groovy:68)
	at com.kms.katalon.core.keyword.internal.KeywordMain$runKeyword.call(Unknown Source)
	at com.kms.katalon.core.cucumber.keyword.CucumberBuiltinKeywords.runFeatureFile(CucumberBuiltinKeywords.groovy:75)
	at com.kms.katalon.core.cucumber.keyword.CucumberBuiltinKeywords$runFeatureFile$0.callStatic(Unknown Source)
	at com.kms.katalon.core.cucumber.keyword.CucumberBuiltinKeywords.runFeatureFile(CucumberBuiltinKeywords.groovy:248)
	at com.kms.katalon.core.cucumber.keyword.CucumberBuiltinKeywords$runFeatureFile.call(Unknown Source)
	at TestAll.run(TestAll:20)
	at com.kms.katalon.core.main.ScriptEngine.run(ScriptEngine.java:194)
	at com.kms.katalon.core.main.ScriptEngine.runScriptAsRawText(ScriptEngine.java:119)
	at com.kms.katalon.core.main.TestCaseExecutor.runScript(TestCaseExecutor.java:445)
	at com.kms.katalon.core.main.TestCaseExecutor.doExecute(TestCaseExecutor.java:436)
	at com.kms.katalon.core.main.TestCaseExecutor.processExecutionPhase(TestCaseExecutor.java:415)
	at com.kms.katalon.core.main.TestCaseExecutor.accessMainPhase(TestCaseExecutor.java:407)
	at com.kms.katalon.core.main.TestCaseExecutor.execute(TestCaseExecutor.java:284)
	at com.kms.katalon.core.common.CommonExecutor.accessTestCaseMainPhase(CommonExecutor.java:65)
	at com.kms.katalon.core.main.TestSuiteExecutor.accessTestSuiteMainPhase(TestSuiteExecutor.java:144)
	at com.kms.katalon.core.main.TestSuiteExecutor.execute(TestSuiteExecutor.java:106)
	at com.kms.katalon.core.main.TestCaseMain.startTestSuite(TestCaseMain.java:185)
	at com.kms.katalon.core.main.TestCaseMain$startTestSuite$0.call(Unknown Source)
	at TempTestSuite1667676829236.run(TempTestSuite1667676829236.groovy:36)]]></system-err>
   </testsuite>
</testsuites>
